2023-10-13 14:34:02,018 - root - WARNING - 0003 :: Value Warning: Requirements for confidence levels not met.
2023-10-13 14:34:02,299 - root - WARNING - 0003 :: Value Warning: Requirements for confidence levels not met.
2023-10-13 14:34:02,592 - root - WARNING - 0003 :: Value Warning: Requirements for confidence levels not met.
2023-10-13 14:37:29,843 - root - WARNING - 0003 :: Value Warning: Requirements for confidence levels not met.
2023-10-13 14:37:34,165 - root - WARNING - 0003 :: Value Warning: Requirements for confidence levels not met.
2023-10-13 14:37:38,612 - root - WARNING - 0003 :: Value Warning: Requirements for confidence levels not met.
2023-10-13 14:56:08,416 - root - WARNING - 0003 :: Value Warning: Requirements for confidence levels not met.
2023-10-13 14:56:08,701 - root - WARNING - 0003 :: Value Warning: Requirements for confidence levels not met.
2023-10-13 14:56:08,981 - root - WARNING - 0003 :: Value Warning: Requirements for confidence levels not met.
2023-10-13 15:21:58,872 - root - WARNING - 0003 :: Value Warning: Requirements for confidence levels not met.
2023-10-13 15:21:59,146 - root - WARNING - 0003 :: Value Warning: Requirements for confidence levels not met.
2023-10-13 15:21:59,477 - root - WARNING - 0003 :: Value Warning: Requirements for confidence levels not met.
2023-10-13 15:26:54,936 - root - WARNING - 0003 :: Value Warning: Requirements for confidence levels not met.
2023-10-13 15:26:55,223 - root - WARNING - 0003 :: Value Warning: Requirements for confidence levels not met.
2023-10-13 15:26:55,524 - root - WARNING - 0003 :: Value Warning: Requirements for confidence levels not met.
2023-10-13 15:26:55,869 - root - WARNING - 0003 :: Value Warning: Requirements for confidence levels not met.
2023-10-13 15:26:56,160 - root - WARNING - 0003 :: Value Warning: Requirements for confidence levels not met.
2023-10-13 15:26:56,420 - root - WARNING - 0003 :: Value Warning: Requirements for confidence levels not met.
2023-10-13 15:26:56,737 - root - WARNING - 0003 :: Value Warning: Requirements for confidence levels not met.
2023-10-13 15:26:57,029 - root - WARNING - 0003 :: Value Warning: Requirements for confidence levels not met.
2023-10-13 15:26:57,309 - root - WARNING - 0003 :: Value Warning: Requirements for confidence levels not met.
2023-10-13 15:26:57,599 - root - WARNING - 0003 :: Value Warning: Requirements for confidence levels not met.
2023-10-13 15:26:57,909 - root - WARNING - 0003 :: Value Warning: Requirements for confidence levels not met.
2023-10-13 15:26:58,196 - root - WARNING - 0003 :: Value Warning: Requirements for confidence levels not met.
2023-10-13 15:26:58,515 - root - WARNING - 0003 :: Value Warning: Requirements for confidence levels not met.
2023-10-13 15:26:58,816 - root - WARNING - 0003 :: Value Warning: Requirements for confidence levels not met.
2023-10-13 15:26:59,112 - root - WARNING - 0003 :: Value Warning: Requirements for confidence levels not met.
2023-10-13 15:35:20,168 - root - WARNING - 0003 :: Value Warning: Requirements for confidence levels not met.
2023-10-13 15:35:20,466 - root - WARNING - 0003 :: Value Warning: Requirements for confidence levels not met.
2023-10-13 15:35:20,765 - root - WARNING - 0003 :: Value Warning: Requirements for confidence levels not met.
2023-10-13 15:35:21,510 - root - WARNING - 0003 :: Value Warning: Requirements for confidence levels not met.
2023-10-13 15:36:23,239 - root - WARNING - 0003 :: Value Warning: Requirements for confidence levels not met.
2023-10-13 15:36:23,532 - root - WARNING - 0003 :: Value Warning: Requirements for confidence levels not met.
2023-10-13 15:36:23,829 - root - WARNING - 0003 :: Value Warning: Requirements for confidence levels not met.
2023-10-13 15:36:24,568 - root - WARNING - 0003 :: Value Warning: Requirements for confidence levels not met.
2023-10-13 15:36:24,735 - root - WARNING - 0003 :: Value Warning: Requirements for confidence levels not met.
2023-10-13 15:36:24,884 - root - WARNING - 0003 :: Value Warning: Requirements for confidence levels not met.
2023-10-13 15:36:25,049 - root - WARNING - 0003 :: Value Warning: Requirements for confidence levels not met.
2023-10-13 15:36:25,468 - root - WARNING - 0003 :: Value Warning: Requirements for confidence levels not met.
2023-10-13 15:36:25,733 - root - WARNING - 0003 :: Value Warning: Requirements for confidence levels not met.
2023-10-13 15:36:26,012 - root - WARNING - 0003 :: Value Warning: Requirements for confidence levels not met.
2023-10-13 15:36:26,284 - root - WARNING - 0003 :: Value Warning: Requirements for confidence levels not met.
2023-10-13 15:36:26,590 - root - WARNING - 0003 :: Value Warning: Requirements for confidence levels not met.
2023-10-13 15:36:26,899 - root - WARNING - 0003 :: Value Warning: Requirements for confidence levels not met.
2023-10-13 15:36:27,163 - root - WARNING - 0003 :: Value Warning: Requirements for confidence levels not met.
2023-10-13 15:36:27,489 - root - WARNING - 0003 :: Value Warning: Requirements for confidence levels not met.
2023-10-17 15:30:01,369 - root - WARNING - Can only load MATLAB .mat file, this file type might be unsupported: i
2023-10-17 15:30:01,370 - root - ERROR - 0002 :: No Files Error
2023-10-17 15:30:01,370 - root - WARNING - Can only load MATLAB .mat file, this file type might be unsupported: m
2023-10-17 15:30:01,370 - root - ERROR - 0002 :: No Files Error
2023-10-17 15:30:01,370 - root - WARNING - Can only load MATLAB .mat file, this file type might be unsupported: p
2023-10-17 15:30:01,370 - root - ERROR - 0002 :: No Files Error
2023-10-17 15:30:01,370 - root - WARNING - Can only load MATLAB .mat file, this file type might be unsupported: o
2023-10-17 15:30:01,371 - root - ERROR - 0002 :: No Files Error
2023-10-17 15:30:01,371 - root - WARNING - Can only load MATLAB .mat file, this file type might be unsupported: r
2023-10-17 15:30:01,371 - root - ERROR - 0002 :: No Files Error
2023-10-17 15:30:01,371 - root - WARNING - Can only load MATLAB .mat file, this file type might be unsupported: t
2023-10-17 15:30:01,371 - root - ERROR - 0002 :: No Files Error
2023-10-17 15:30:01,371 - root - WARNING - Can only load MATLAB .mat file, this file type might be unsupported:  
2023-10-17 15:30:01,371 - root - ERROR - 0002 :: No Files Error
2023-10-17 15:30:07,187 - root - WARNING - Can only load MATLAB .mat file, this file type might be unsupported: J
2023-10-17 15:30:07,187 - root - ERROR - 0002 :: No Files Error
2023-10-17 15:30:07,187 - root - WARNING - Can only load MATLAB .mat file, this file type might be unsupported: :
2023-10-17 15:30:07,187 - root - ERROR - 0002 :: No Files Error
2023-10-17 15:30:07,187 - root - WARNING - Can only load MATLAB .mat file, this file type might be unsupported: \
2023-10-17 15:30:07,187 - root - ERROR - 0002 :: No Files Error
2023-10-17 15:30:07,187 - root - WARNING - Can only load MATLAB .mat file, this file type might be unsupported: i
2023-10-17 15:30:07,188 - root - ERROR - 0002 :: No Files Error
2023-10-17 15:30:07,188 - root - WARNING - Can only load MATLAB .mat file, this file type might be unsupported: n
2023-10-17 15:30:07,188 - root - ERROR - 0002 :: No Files Error
2023-10-17 15:30:07,188 - root - WARNING - Can only load MATLAB .mat file, this file type might be unsupported: v
2023-10-17 15:30:07,188 - root - ERROR - 0002 :: No Files Error
2023-10-17 15:30:07,188 - root - WARNING - Can only load MATLAB .mat file, this file type might be unsupported: i
2023-10-17 15:30:07,188 - root - ERROR - 0002 :: No Files Error
2023-10-17 15:30:07,188 - root - WARNING - Can only load MATLAB .mat file, this file type might be unsupported: v
2023-10-17 15:30:07,188 - root - ERROR - 0002 :: No Files Error
2023-10-17 15:30:07,188 - root - WARNING - Can only load MATLAB .mat file, this file type might be unsupported: o
2023-10-17 15:30:07,188 - root - ERROR - 0002 :: No Files Error
2023-10-17 15:30:07,188 - root - WARNING - Can only load MATLAB .mat file, this file type might be unsupported: r
2023-10-17 15:30:07,189 - root - ERROR - 0002 :: No Files Error
2023-10-17 15:30:07,189 - root - WARNING - Can only load MATLAB .mat file, this file type might be unsupported: e
2023-10-17 15:30:07,189 - root - ERROR - 0002 :: No Files Error
2023-10-17 15:30:07,189 - root - WARNING - Can only load MATLAB .mat file, this file type might be unsupported: c
2023-10-17 15:30:07,189 - root - ERROR - 0002 :: No Files Error
2023-10-17 15:30:07,189 - root - WARNING - Can only load MATLAB .mat file, this file type might be unsupported: \
2023-10-17 15:30:07,189 - root - ERROR - 0002 :: No Files Error
2023-10-17 15:30:07,189 - root - WARNING - Can only load MATLAB .mat file, this file type might be unsupported: C
2023-10-17 15:30:07,189 - root - ERROR - 0002 :: No Files Error
2023-10-17 15:30:07,189 - root - WARNING - Can only load MATLAB .mat file, this file type might be unsupported: h
2023-10-17 15:30:07,189 - root - ERROR - 0002 :: No Files Error
2023-10-17 15:30:07,189 - root - WARNING - Can only load MATLAB .mat file, this file type might be unsupported: e
2023-10-17 15:30:07,189 - root - ERROR - 0002 :: No Files Error
2023-10-17 15:30:07,189 - root - WARNING - Can only load MATLAB .mat file, this file type might be unsupported: e
2023-10-17 15:30:07,189 - root - ERROR - 0002 :: No Files Error
2023-10-17 15:30:07,190 - root - WARNING - Can only load MATLAB .mat file, this file type might be unsupported: t
2023-10-17 15:30:07,190 - root - ERROR - 0002 :: No Files Error
2023-10-17 15:30:07,190 - root - WARNING - Can only load MATLAB .mat file, this file type might be unsupported: a
2023-10-17 15:30:07,190 - root - ERROR - 0002 :: No Files Error
2023-10-17 15:30:07,190 - root - WARNING - Can only load MATLAB .mat file, this file type might be unsupported: h
2023-10-17 15:30:07,190 - root - ERROR - 0002 :: No Files Error
2023-10-17 15:30:07,190 - root - WARNING - Can only load MATLAB .mat file, this file type might be unsupported: D
2023-10-17 15:30:07,190 - root - ERROR - 0002 :: No Files Error
2023-10-17 15:30:07,190 - root - WARNING - Can only load MATLAB .mat file, this file type might be unsupported: a
2023-10-17 15:30:07,190 - root - ERROR - 0002 :: No Files Error
2023-10-17 15:30:07,190 - root - WARNING - Can only load MATLAB .mat file, this file type might be unsupported: t
2023-10-17 15:30:07,190 - root - ERROR - 0002 :: No Files Error
2023-10-17 15:30:07,190 - root - WARNING - Can only load MATLAB .mat file, this file type might be unsupported: a
2023-10-17 15:30:07,190 - root - ERROR - 0002 :: No Files Error
2023-10-17 15:30:07,190 - root - WARNING - Can only load MATLAB .mat file, this file type might be unsupported: \
2023-10-17 15:30:07,190 - root - ERROR - 0002 :: No Files Error
2023-10-17 15:30:07,190 - root - WARNING - Can only load MATLAB .mat file, this file type might be unsupported: 2
2023-10-17 15:30:07,191 - root - ERROR - 0002 :: No Files Error
2023-10-17 15:30:07,191 - root - WARNING - Can only load MATLAB .mat file, this file type might be unsupported: 0
2023-10-17 15:30:07,191 - root - ERROR - 0002 :: No Files Error
2023-10-17 15:30:07,191 - root - WARNING - Can only load MATLAB .mat file, this file type might be unsupported: 2
2023-10-17 15:30:07,191 - root - ERROR - 0002 :: No Files Error
2023-10-17 15:30:07,191 - root - WARNING - Can only load MATLAB .mat file, this file type might be unsupported: 3
2023-10-17 15:30:07,191 - root - ERROR - 0002 :: No Files Error
2023-10-17 15:30:07,191 - root - WARNING - Can only load MATLAB .mat file, this file type might be unsupported: -
2023-10-17 15:30:07,191 - root - ERROR - 0002 :: No Files Error
2023-10-17 15:30:07,191 - root - WARNING - Can only load MATLAB .mat file, this file type might be unsupported: 1
2023-10-17 15:30:07,191 - root - ERROR - 0002 :: No Files Error
2023-10-17 15:30:07,191 - root - WARNING - Can only load MATLAB .mat file, this file type might be unsupported: 0
2023-10-17 15:30:07,191 - root - ERROR - 0002 :: No Files Error
2023-10-17 15:30:07,191 - root - WARNING - Can only load MATLAB .mat file, this file type might be unsupported: -
2023-10-17 15:30:07,191 - root - ERROR - 0002 :: No Files Error
2023-10-17 15:30:07,191 - root - WARNING - Can only load MATLAB .mat file, this file type might be unsupported: 0
2023-10-17 15:30:07,192 - root - ERROR - 0002 :: No Files Error
2023-10-17 15:30:07,192 - root - WARNING - Can only load MATLAB .mat file, this file type might be unsupported: 5
2023-10-17 15:30:07,192 - root - ERROR - 0002 :: No Files Error
2023-10-17 15:30:07,192 - root - WARNING - Can only load MATLAB .mat file, this file type might be unsupported: _
2023-10-17 15:30:07,192 - root - ERROR - 0002 :: No Files Error
2023-10-17 15:30:07,192 - root - WARNING - Can only load MATLAB .mat file, this file type might be unsupported: i
2023-10-17 15:30:07,192 - root - ERROR - 0002 :: No Files Error
2023-10-17 15:30:07,192 - root - WARNING - Can only load MATLAB .mat file, this file type might be unsupported: o
2023-10-17 15:30:07,192 - root - ERROR - 0002 :: No Files Error
2023-10-17 15:30:07,192 - root - WARNING - Can only load MATLAB .mat file, this file type might be unsupported: _
2023-10-17 15:30:07,192 - root - ERROR - 0002 :: No Files Error
2023-10-17 15:30:07,192 - root - WARNING - Can only load MATLAB .mat file, this file type might be unsupported: g
2023-10-17 15:30:07,192 - root - ERROR - 0002 :: No Files Error
2023-10-17 15:30:07,192 - root - WARNING - Can only load MATLAB .mat file, this file type might be unsupported: f
2023-10-17 15:30:07,192 - root - ERROR - 0002 :: No Files Error
2023-10-17 15:30:07,193 - root - WARNING - Can only load MATLAB .mat file, this file type might be unsupported: p
2023-10-17 15:30:07,193 - root - ERROR - 0002 :: No Files Error
2023-10-17 15:30:07,193 - root - WARNING - Can only load MATLAB .mat file, this file type might be unsupported: _
2023-10-17 15:30:07,193 - root - ERROR - 0002 :: No Files Error
2023-10-17 15:30:07,193 - root - WARNING - Can only load MATLAB .mat file, this file type might be unsupported: a
2023-10-17 15:30:07,193 - root - ERROR - 0002 :: No Files Error
2023-10-17 15:30:07,193 - root - WARNING - Can only load MATLAB .mat file, this file type might be unsupported: c
2023-10-17 15:30:07,193 - root - ERROR - 0002 :: No Files Error
2023-10-17 15:30:07,193 - root - WARNING - Can only load MATLAB .mat file, this file type might be unsupported: u
2023-10-17 15:30:07,193 - root - ERROR - 0002 :: No Files Error
2023-10-17 15:30:07,193 - root - WARNING - Can only load MATLAB .mat file, this file type might be unsupported: t
2023-10-17 15:30:07,193 - root - ERROR - 0002 :: No Files Error
2023-10-17 15:30:07,193 - root - WARNING - Can only load MATLAB .mat file, this file type might be unsupported: e
2023-10-17 15:30:07,193 - root - ERROR - 0002 :: No Files Error
2023-10-17 15:30:07,193 - root - WARNING - Can only load MATLAB .mat file, this file type might be unsupported: \
2023-10-17 15:30:07,193 - root - ERROR - 0002 :: No Files Error
2023-10-17 15:30:07,194 - root - WARNING - Can only load MATLAB .mat file, this file type might be unsupported: 2
2023-10-17 15:30:07,194 - root - ERROR - 0002 :: No Files Error
2023-10-17 15:30:07,194 - root - WARNING - Can only load MATLAB .mat file, this file type might be unsupported: 0
2023-10-17 15:30:07,194 - root - ERROR - 0002 :: No Files Error
2023-10-17 15:30:07,194 - root - WARNING - Can only load MATLAB .mat file, this file type might be unsupported: 2
2023-10-17 15:30:07,194 - root - ERROR - 0002 :: No Files Error
2023-10-17 15:30:07,194 - root - WARNING - Can only load MATLAB .mat file, this file type might be unsupported: 3
2023-10-17 15:30:07,194 - root - ERROR - 0002 :: No Files Error
2023-10-17 15:30:07,194 - root - WARNING - Can only load MATLAB .mat file, this file type might be unsupported: -
2023-10-17 15:30:07,194 - root - ERROR - 0002 :: No Files Error
2023-10-17 15:30:07,194 - root - WARNING - Can only load MATLAB .mat file, this file type might be unsupported: 1
2023-10-17 15:30:07,194 - root - ERROR - 0002 :: No Files Error
2023-10-17 15:30:07,194 - root - WARNING - Can only load MATLAB .mat file, this file type might be unsupported: 0
2023-10-17 15:30:07,194 - root - ERROR - 0002 :: No Files Error
2023-10-17 15:30:07,194 - root - WARNING - Can only load MATLAB .mat file, this file type might be unsupported: -
2023-10-17 15:30:07,195 - root - ERROR - 0002 :: No Files Error
2023-10-17 15:30:07,195 - root - WARNING - Can only load MATLAB .mat file, this file type might be unsupported: 0
2023-10-17 15:30:07,195 - root - ERROR - 0002 :: No Files Error
2023-10-17 15:30:07,195 - root - WARNING - Can only load MATLAB .mat file, this file type might be unsupported: 5
2023-10-17 15:30:07,195 - root - ERROR - 0002 :: No Files Error
2023-10-17 15:30:07,195 - root - WARNING - Can only load MATLAB .mat file, this file type might be unsupported: _
2023-10-17 15:30:07,195 - root - ERROR - 0002 :: No Files Error
2023-10-17 15:30:07,195 - root - WARNING - Can only load MATLAB .mat file, this file type might be unsupported: i
2023-10-17 15:30:07,195 - root - ERROR - 0002 :: No Files Error
2023-10-17 15:30:07,195 - root - WARNING - Can only load MATLAB .mat file, this file type might be unsupported: o
2023-10-17 15:30:07,195 - root - ERROR - 0002 :: No Files Error
2023-10-17 15:30:07,195 - root - WARNING - Can only load MATLAB .mat file, this file type might be unsupported: _
2023-10-17 15:30:07,195 - root - ERROR - 0002 :: No Files Error
2023-10-17 15:30:07,195 - root - WARNING - Can only load MATLAB .mat file, this file type might be unsupported: g
2023-10-17 15:30:07,195 - root - ERROR - 0002 :: No Files Error
2023-10-17 15:30:07,195 - root - WARNING - Can only load MATLAB .mat file, this file type might be unsupported: f
2023-10-17 15:30:07,195 - root - ERROR - 0002 :: No Files Error
2023-10-17 15:30:07,196 - root - WARNING - Can only load MATLAB .mat file, this file type might be unsupported: p
2023-10-17 15:30:07,196 - root - ERROR - 0002 :: No Files Error
2023-10-17 15:30:07,196 - root - WARNING - Can only load MATLAB .mat file, this file type might be unsupported: _
2023-10-17 15:30:07,196 - root - ERROR - 0002 :: No Files Error
2023-10-17 15:30:07,196 - root - WARNING - Can only load MATLAB .mat file, this file type might be unsupported: a
2023-10-17 15:30:07,196 - root - ERROR - 0002 :: No Files Error
2023-10-17 15:30:07,196 - root - WARNING - Can only load MATLAB .mat file, this file type might be unsupported: c
2023-10-17 15:30:07,196 - root - ERROR - 0002 :: No Files Error
2023-10-17 15:30:07,196 - root - WARNING - Can only load MATLAB .mat file, this file type might be unsupported: u
2023-10-17 15:30:07,196 - root - ERROR - 0002 :: No Files Error
2023-10-17 15:30:07,196 - root - WARNING - Can only load MATLAB .mat file, this file type might be unsupported: t
2023-10-17 15:30:07,196 - root - ERROR - 0002 :: No Files Error
2023-10-17 15:30:07,196 - root - WARNING - Can only load MATLAB .mat file, this file type might be unsupported: e
2023-10-17 15:30:07,196 - root - ERROR - 0002 :: No Files Error
2023-10-17 15:30:07,196 - root - WARNING - Can only load MATLAB .mat file, this file type might be unsupported: \
2023-10-17 15:30:07,197 - root - ERROR - 0002 :: No Files Error
2023-10-17 15:30:07,197 - root - WARNING - Can only load MATLAB .mat file, this file type might be unsupported: l
2023-10-17 15:30:07,197 - root - ERROR - 0002 :: No Files Error
2023-10-17 15:30:07,197 - root - WARNING - Can only load MATLAB .mat file, this file type might be unsupported: h
2023-10-17 15:30:07,197 - root - ERROR - 0002 :: No Files Error
2023-10-17 15:30:07,197 - root - WARNING - Can only load MATLAB .mat file, this file type might be unsupported: \
2023-10-17 15:30:07,197 - root - ERROR - 0002 :: No Files Error
2023-10-17 15:30:07,197 - root - WARNING - Can only load MATLAB .mat file, this file type might be unsupported: #
2023-10-17 15:30:07,197 - root - ERROR - 0002 :: No Files Error
2023-10-17 15:30:07,197 - root - WARNING - Can only load MATLAB .mat file, this file type might be unsupported: 1
2023-10-17 15:30:07,197 - root - ERROR - 0002 :: No Files Error
2023-10-17 15:30:07,197 - root - WARNING - Can only load MATLAB .mat file, this file type might be unsupported: \
2023-10-17 15:30:07,197 - root - ERROR - 0002 :: No Files Error
2023-10-17 15:30:07,197 - root - WARNING - Can only load MATLAB .mat file, this file type might be unsupported: l
2023-10-17 15:30:07,197 - root - ERROR - 0002 :: No Files Error
2023-10-17 15:30:07,197 - root - WARNING - Can only load MATLAB .mat file, this file type might be unsupported: f
2023-10-17 15:30:07,198 - root - ERROR - 0002 :: No Files Error
2023-10-17 15:30:07,198 - root - WARNING - Can only load MATLAB .mat file, this file type might be unsupported: p
2023-10-17 15:30:07,198 - root - ERROR - 0002 :: No Files Error
2023-10-17 15:30:29,702 - root - WARNING - Can only load MATLAB .mat file, this file type might be unsupported: i
2023-10-17 15:30:29,703 - root - ERROR - 0002 :: No Files Error
2023-10-17 15:30:29,703 - root - WARNING - Can only load MATLAB .mat file, this file type might be unsupported: m
2023-10-17 15:30:29,703 - root - ERROR - 0002 :: No Files Error
2023-10-17 15:30:29,703 - root - WARNING - Can only load MATLAB .mat file, this file type might be unsupported: p
2023-10-17 15:30:29,703 - root - ERROR - 0002 :: No Files Error
2023-10-17 15:30:29,703 - root - WARNING - Can only load MATLAB .mat file, this file type might be unsupported: o
2023-10-17 15:30:29,703 - root - ERROR - 0002 :: No Files Error
2023-10-17 15:30:29,703 - root - WARNING - Can only load MATLAB .mat file, this file type might be unsupported: r
2023-10-17 15:30:29,703 - root - ERROR - 0002 :: No Files Error
2023-10-17 15:30:29,703 - root - WARNING - Can only load MATLAB .mat file, this file type might be unsupported: t
2023-10-17 15:30:29,704 - root - ERROR - 0002 :: No Files Error
2023-10-17 15:30:29,704 - root - WARNING - Can only load MATLAB .mat file, this file type might be unsupported:  
2023-10-17 15:30:29,704 - root - ERROR - 0002 :: No Files Error
2023-10-17 15:30:50,840 - root - WARNING - Can only load MATLAB .mat file, this file type might be unsupported: i
2023-10-17 15:30:50,841 - root - ERROR - 0002 :: No Files Error
2023-10-17 15:30:50,841 - root - WARNING - Can only load MATLAB .mat file, this file type might be unsupported: m
2023-10-17 15:30:50,841 - root - ERROR - 0002 :: No Files Error
2023-10-17 15:30:50,841 - root - WARNING - Can only load MATLAB .mat file, this file type might be unsupported: p
2023-10-17 15:30:50,841 - root - ERROR - 0002 :: No Files Error
2023-10-17 15:30:50,841 - root - WARNING - Can only load MATLAB .mat file, this file type might be unsupported: o
2023-10-17 15:30:50,841 - root - ERROR - 0002 :: No Files Error
2023-10-17 15:30:50,842 - root - WARNING - Can only load MATLAB .mat file, this file type might be unsupported: r
2023-10-17 15:30:50,842 - root - ERROR - 0002 :: No Files Error
2023-10-17 15:30:50,842 - root - WARNING - Can only load MATLAB .mat file, this file type might be unsupported: t
2023-10-17 15:30:50,842 - root - ERROR - 0002 :: No Files Error
2023-10-17 15:30:50,842 - root - WARNING - Can only load MATLAB .mat file, this file type might be unsupported:  
2023-10-17 15:30:50,842 - root - ERROR - 0002 :: No Files Error
2023-10-17 15:30:55,540 - root - WARNING - Can only load MATLAB .mat file, this file type might be unsupported: J
2023-10-17 15:30:55,540 - root - ERROR - 0002 :: No Files Error
2023-10-17 15:30:55,541 - root - WARNING - Can only load MATLAB .mat file, this file type might be unsupported: :
2023-10-17 15:30:55,541 - root - ERROR - 0002 :: No Files Error
2023-10-17 15:30:55,541 - root - WARNING - Can only load MATLAB .mat file, this file type might be unsupported: \
2023-10-17 15:30:55,541 - root - ERROR - 0002 :: No Files Error
2023-10-17 15:30:55,541 - root - WARNING - Can only load MATLAB .mat file, this file type might be unsupported: i
2023-10-17 15:30:55,541 - root - ERROR - 0002 :: No Files Error
2023-10-17 15:30:55,541 - root - WARNING - Can only load MATLAB .mat file, this file type might be unsupported: n
2023-10-17 15:30:55,541 - root - ERROR - 0002 :: No Files Error
2023-10-17 15:30:55,541 - root - WARNING - Can only load MATLAB .mat file, this file type might be unsupported: v
2023-10-17 15:30:55,541 - root - ERROR - 0002 :: No Files Error
2023-10-17 15:30:55,541 - root - WARNING - Can only load MATLAB .mat file, this file type might be unsupported: i
2023-10-17 15:30:55,541 - root - ERROR - 0002 :: No Files Error
2023-10-17 15:30:55,542 - root - WARNING - Can only load MATLAB .mat file, this file type might be unsupported: v
2023-10-17 15:30:55,542 - root - ERROR - 0002 :: No Files Error
2023-10-17 15:30:55,542 - root - WARNING - Can only load MATLAB .mat file, this file type might be unsupported: o
2023-10-17 15:30:55,542 - root - ERROR - 0002 :: No Files Error
2023-10-17 15:30:55,542 - root - WARNING - Can only load MATLAB .mat file, this file type might be unsupported: r
2023-10-17 15:30:55,542 - root - ERROR - 0002 :: No Files Error
2023-10-17 15:30:55,542 - root - WARNING - Can only load MATLAB .mat file, this file type might be unsupported: e
2023-10-17 15:30:55,542 - root - ERROR - 0002 :: No Files Error
2023-10-17 15:30:55,542 - root - WARNING - Can only load MATLAB .mat file, this file type might be unsupported: c
2023-10-17 15:30:55,542 - root - ERROR - 0002 :: No Files Error
2023-10-17 15:30:55,542 - root - WARNING - Can only load MATLAB .mat file, this file type might be unsupported: \
2023-10-17 15:30:55,542 - root - ERROR - 0002 :: No Files Error
2023-10-17 15:30:55,542 - root - WARNING - Can only load MATLAB .mat file, this file type might be unsupported: C
2023-10-17 15:30:55,542 - root - ERROR - 0002 :: No Files Error
2023-10-17 15:30:55,543 - root - WARNING - Can only load MATLAB .mat file, this file type might be unsupported: h
2023-10-17 15:30:55,543 - root - ERROR - 0002 :: No Files Error
2023-10-17 15:30:55,543 - root - WARNING - Can only load MATLAB .mat file, this file type might be unsupported: e
2023-10-17 15:30:55,543 - root - ERROR - 0002 :: No Files Error
2023-10-17 15:30:55,543 - root - WARNING - Can only load MATLAB .mat file, this file type might be unsupported: e
2023-10-17 15:30:55,543 - root - ERROR - 0002 :: No Files Error
2023-10-17 15:30:55,543 - root - WARNING - Can only load MATLAB .mat file, this file type might be unsupported: t
2023-10-17 15:30:55,543 - root - ERROR - 0002 :: No Files Error
2023-10-17 15:30:55,543 - root - WARNING - Can only load MATLAB .mat file, this file type might be unsupported: a
2023-10-17 15:30:55,543 - root - ERROR - 0002 :: No Files Error
2023-10-17 15:30:55,543 - root - WARNING - Can only load MATLAB .mat file, this file type might be unsupported: h
2023-10-17 15:30:55,543 - root - ERROR - 0002 :: No Files Error
2023-10-17 15:30:55,543 - root - WARNING - Can only load MATLAB .mat file, this file type might be unsupported: D
2023-10-17 15:30:55,543 - root - ERROR - 0002 :: No Files Error
2023-10-17 15:30:55,543 - root - WARNING - Can only load MATLAB .mat file, this file type might be unsupported: a
2023-10-17 15:30:55,544 - root - ERROR - 0002 :: No Files Error
2023-10-17 15:30:55,544 - root - WARNING - Can only load MATLAB .mat file, this file type might be unsupported: t
2023-10-17 15:30:55,544 - root - ERROR - 0002 :: No Files Error
2023-10-17 15:30:55,544 - root - WARNING - Can only load MATLAB .mat file, this file type might be unsupported: a
2023-10-17 15:30:55,544 - root - ERROR - 0002 :: No Files Error
2023-10-17 15:30:55,544 - root - WARNING - Can only load MATLAB .mat file, this file type might be unsupported: \
2023-10-17 15:30:55,544 - root - ERROR - 0002 :: No Files Error
2023-10-17 15:30:55,544 - root - WARNING - Can only load MATLAB .mat file, this file type might be unsupported: 2
2023-10-17 15:30:55,544 - root - ERROR - 0002 :: No Files Error
2023-10-17 15:30:55,544 - root - WARNING - Can only load MATLAB .mat file, this file type might be unsupported: 0
2023-10-17 15:30:55,544 - root - ERROR - 0002 :: No Files Error
2023-10-17 15:30:55,544 - root - WARNING - Can only load MATLAB .mat file, this file type might be unsupported: 2
2023-10-17 15:30:55,544 - root - ERROR - 0002 :: No Files Error
2023-10-17 15:30:55,544 - root - WARNING - Can only load MATLAB .mat file, this file type might be unsupported: 3
2023-10-17 15:30:55,545 - root - ERROR - 0002 :: No Files Error
2023-10-17 15:30:55,545 - root - WARNING - Can only load MATLAB .mat file, this file type might be unsupported: -
2023-10-17 15:30:55,545 - root - ERROR - 0002 :: No Files Error
2023-10-17 15:30:55,545 - root - WARNING - Can only load MATLAB .mat file, this file type might be unsupported: 1
2023-10-17 15:30:55,545 - root - ERROR - 0002 :: No Files Error
2023-10-17 15:30:55,545 - root - WARNING - Can only load MATLAB .mat file, this file type might be unsupported: 0
2023-10-17 15:30:55,545 - root - ERROR - 0002 :: No Files Error
2023-10-17 15:30:55,545 - root - WARNING - Can only load MATLAB .mat file, this file type might be unsupported: -
2023-10-17 15:30:55,545 - root - ERROR - 0002 :: No Files Error
2023-10-17 15:30:55,545 - root - WARNING - Can only load MATLAB .mat file, this file type might be unsupported: 0
2023-10-17 15:30:55,545 - root - ERROR - 0002 :: No Files Error
2023-10-17 15:30:55,545 - root - WARNING - Can only load MATLAB .mat file, this file type might be unsupported: 5
2023-10-17 15:30:55,545 - root - ERROR - 0002 :: No Files Error
2023-10-17 15:30:55,545 - root - WARNING - Can only load MATLAB .mat file, this file type might be unsupported: _
2023-10-17 15:30:55,545 - root - ERROR - 0002 :: No Files Error
2023-10-17 15:30:55,546 - root - WARNING - Can only load MATLAB .mat file, this file type might be unsupported: i
2023-10-17 15:30:55,546 - root - ERROR - 0002 :: No Files Error
2023-10-17 15:30:55,546 - root - WARNING - Can only load MATLAB .mat file, this file type might be unsupported: o
2023-10-17 15:30:55,546 - root - ERROR - 0002 :: No Files Error
2023-10-17 15:30:55,546 - root - WARNING - Can only load MATLAB .mat file, this file type might be unsupported: _
2023-10-17 15:30:55,546 - root - ERROR - 0002 :: No Files Error
2023-10-17 15:30:55,546 - root - WARNING - Can only load MATLAB .mat file, this file type might be unsupported: g
2023-10-17 15:30:55,546 - root - ERROR - 0002 :: No Files Error
2023-10-17 15:30:55,546 - root - WARNING - Can only load MATLAB .mat file, this file type might be unsupported: f
2023-10-17 15:30:55,546 - root - ERROR - 0002 :: No Files Error
2023-10-17 15:30:55,546 - root - WARNING - Can only load MATLAB .mat file, this file type might be unsupported: p
2023-10-17 15:30:55,546 - root - ERROR - 0002 :: No Files Error
2023-10-17 15:30:55,546 - root - WARNING - Can only load MATLAB .mat file, this file type might be unsupported: _
2023-10-17 15:30:55,546 - root - ERROR - 0002 :: No Files Error
2023-10-17 15:30:55,547 - root - WARNING - Can only load MATLAB .mat file, this file type might be unsupported: a
2023-10-17 15:30:55,547 - root - ERROR - 0002 :: No Files Error
2023-10-17 15:30:55,547 - root - WARNING - Can only load MATLAB .mat file, this file type might be unsupported: c
2023-10-17 15:30:55,547 - root - ERROR - 0002 :: No Files Error
2023-10-17 15:30:55,547 - root - WARNING - Can only load MATLAB .mat file, this file type might be unsupported: u
2023-10-17 15:30:55,547 - root - ERROR - 0002 :: No Files Error
2023-10-17 15:30:55,547 - root - WARNING - Can only load MATLAB .mat file, this file type might be unsupported: t
2023-10-17 15:30:55,547 - root - ERROR - 0002 :: No Files Error
2023-10-17 15:30:55,547 - root - WARNING - Can only load MATLAB .mat file, this file type might be unsupported: e
2023-10-17 15:30:55,547 - root - ERROR - 0002 :: No Files Error
2023-10-17 15:30:55,547 - root - WARNING - Can only load MATLAB .mat file, this file type might be unsupported: \
2023-10-17 15:30:55,547 - root - ERROR - 0002 :: No Files Error
2023-10-17 15:30:55,547 - root - WARNING - Can only load MATLAB .mat file, this file type might be unsupported: 2
2023-10-17 15:30:55,547 - root - ERROR - 0002 :: No Files Error
2023-10-17 15:30:55,547 - root - WARNING - Can only load MATLAB .mat file, this file type might be unsupported: 0
2023-10-17 15:30:55,547 - root - ERROR - 0002 :: No Files Error
2023-10-17 15:30:55,548 - root - WARNING - Can only load MATLAB .mat file, this file type might be unsupported: 2
2023-10-17 15:30:55,548 - root - ERROR - 0002 :: No Files Error
2023-10-17 15:30:55,548 - root - WARNING - Can only load MATLAB .mat file, this file type might be unsupported: 3
2023-10-17 15:30:55,548 - root - ERROR - 0002 :: No Files Error
2023-10-17 15:30:55,548 - root - WARNING - Can only load MATLAB .mat file, this file type might be unsupported: -
2023-10-17 15:30:55,548 - root - ERROR - 0002 :: No Files Error
2023-10-17 15:30:55,548 - root - WARNING - Can only load MATLAB .mat file, this file type might be unsupported: 1
2023-10-17 15:30:55,548 - root - ERROR - 0002 :: No Files Error
2023-10-17 15:30:55,548 - root - WARNING - Can only load MATLAB .mat file, this file type might be unsupported: 0
2023-10-17 15:30:55,548 - root - ERROR - 0002 :: No Files Error
2023-10-17 15:30:55,548 - root - WARNING - Can only load MATLAB .mat file, this file type might be unsupported: -
2023-10-17 15:30:55,548 - root - ERROR - 0002 :: No Files Error
2023-10-17 15:30:55,548 - root - WARNING - Can only load MATLAB .mat file, this file type might be unsupported: 0
2023-10-17 15:30:55,548 - root - ERROR - 0002 :: No Files Error
2023-10-17 15:30:55,548 - root - WARNING - Can only load MATLAB .mat file, this file type might be unsupported: 5
2023-10-17 15:30:55,549 - root - ERROR - 0002 :: No Files Error
2023-10-17 15:30:55,549 - root - WARNING - Can only load MATLAB .mat file, this file type might be unsupported: _
2023-10-17 15:30:55,549 - root - ERROR - 0002 :: No Files Error
2023-10-17 15:30:55,549 - root - WARNING - Can only load MATLAB .mat file, this file type might be unsupported: i
2023-10-17 15:30:55,549 - root - ERROR - 0002 :: No Files Error
2023-10-17 15:30:55,549 - root - WARNING - Can only load MATLAB .mat file, this file type might be unsupported: o
2023-10-17 15:30:55,549 - root - ERROR - 0002 :: No Files Error
2023-10-17 15:30:55,549 - root - WARNING - Can only load MATLAB .mat file, this file type might be unsupported: _
2023-10-17 15:30:55,549 - root - ERROR - 0002 :: No Files Error
2023-10-17 15:30:55,549 - root - WARNING - Can only load MATLAB .mat file, this file type might be unsupported: g
2023-10-17 15:30:55,549 - root - ERROR - 0002 :: No Files Error
2023-10-17 15:30:55,549 - root - WARNING - Can only load MATLAB .mat file, this file type might be unsupported: f
2023-10-17 15:30:55,549 - root - ERROR - 0002 :: No Files Error
2023-10-17 15:30:55,549 - root - WARNING - Can only load MATLAB .mat file, this file type might be unsupported: p
2023-10-17 15:30:55,549 - root - ERROR - 0002 :: No Files Error
2023-10-17 15:30:55,550 - root - WARNING - Can only load MATLAB .mat file, this file type might be unsupported: _
2023-10-17 15:30:55,550 - root - ERROR - 0002 :: No Files Error
2023-10-17 15:30:55,550 - root - WARNING - Can only load MATLAB .mat file, this file type might be unsupported: a
2023-10-17 15:30:55,550 - root - ERROR - 0002 :: No Files Error
2023-10-17 15:30:55,550 - root - WARNING - Can only load MATLAB .mat file, this file type might be unsupported: c
2023-10-17 15:30:55,550 - root - ERROR - 0002 :: No Files Error
2023-10-17 15:30:55,550 - root - WARNING - Can only load MATLAB .mat file, this file type might be unsupported: u
2023-10-17 15:30:55,550 - root - ERROR - 0002 :: No Files Error
2023-10-17 15:30:55,550 - root - WARNING - Can only load MATLAB .mat file, this file type might be unsupported: t
2023-10-17 15:30:55,550 - root - ERROR - 0002 :: No Files Error
2023-10-17 15:30:55,550 - root - WARNING - Can only load MATLAB .mat file, this file type might be unsupported: e
2023-10-17 15:30:55,550 - root - ERROR - 0002 :: No Files Error
2023-10-17 15:30:55,550 - root - WARNING - Can only load MATLAB .mat file, this file type might be unsupported: \
2023-10-17 15:30:55,550 - root - ERROR - 0002 :: No Files Error
2023-10-17 15:30:55,550 - root - WARNING - Can only load MATLAB .mat file, this file type might be unsupported: l
2023-10-17 15:30:55,551 - root - ERROR - 0002 :: No Files Error
2023-10-17 15:30:55,551 - root - WARNING - Can only load MATLAB .mat file, this file type might be unsupported: h
2023-10-17 15:30:55,551 - root - ERROR - 0002 :: No Files Error
2023-10-17 15:30:55,551 - root - WARNING - Can only load MATLAB .mat file, this file type might be unsupported: \
2023-10-17 15:30:55,551 - root - ERROR - 0002 :: No Files Error
2023-10-17 15:30:55,551 - root - WARNING - Can only load MATLAB .mat file, this file type might be unsupported: #
2023-10-17 15:30:55,551 - root - ERROR - 0002 :: No Files Error
2023-10-17 15:30:55,551 - root - WARNING - Can only load MATLAB .mat file, this file type might be unsupported: 1
2023-10-17 15:30:55,551 - root - ERROR - 0002 :: No Files Error
2023-10-17 15:30:55,551 - root - WARNING - Can only load MATLAB .mat file, this file type might be unsupported: \
2023-10-17 15:30:55,551 - root - ERROR - 0002 :: No Files Error
2023-10-17 15:30:55,551 - root - WARNING - Can only load MATLAB .mat file, this file type might be unsupported: l
2023-10-17 15:30:55,551 - root - ERROR - 0002 :: No Files Error
2023-10-17 15:30:55,551 - root - WARNING - Can only load MATLAB .mat file, this file type might be unsupported: f
2023-10-17 15:30:55,551 - root - ERROR - 0002 :: No Files Error
2023-10-17 15:30:55,551 - root - WARNING - Can only load MATLAB .mat file, this file type might be unsupported: p
2023-10-17 15:30:55,552 - root - ERROR - 0002 :: No Files Error
2023-10-17 15:31:31,393 - root - WARNING - Can only load MATLAB .mat file, this file type might be unsupported: J:\invivorec\CheetahData\2023-10-05_io_gfp_acute\2023-10-05_io_gfp_acute\lh\#1\lfp
2023-10-17 15:31:31,393 - root - ERROR - 0002 :: No Files Error
2023-10-17 15:32:07,302 - root - WARNING - Can only load MATLAB .mat file, this file type might be unsupported: J:\invivorec\CheetahData\2023-10-05_io_gfp_acute\2023-10-05_io_gfp_acute\lh\#1\lfp
2023-10-17 15:32:07,303 - root - ERROR - 0002 :: No Files Error
2023-10-17 15:32:29,301 - root - WARNING - Can only load MATLAB .mat file, this file type might be unsupported: J:\invivorec\CheetahData\2023-10-05_io_gfp_acute\2023-10-05_io_gfp_acute\lh\#1\lfp
2023-10-17 15:32:29,301 - root - ERROR - 0002 :: No Files Error
2023-10-17 18:19:46,562 - root - ERROR - 0003 :: Value Error
